[debug] [2020-05-03T16:58:37.908Z] ----------------------------------------------------------------------
[debug] [2020-05-03T16:58:37.910Z] Command:       C:\Program Files\nodejs\node.exe C:\Users\frup75194\AppData\Roaming\npm\node_modules\firebase-tools\lib\bin\firebase.js deploy
[debug] [2020-05-03T16:58:37.911Z] CLI Version:   8.2.0
[debug] [2020-05-03T16:58:37.911Z] Platform:      win32
[debug] [2020-05-03T16:58:37.911Z] Node Version:  v12.16.3
[debug] [2020-05-03T16:58:37.912Z] Time:          Sun May 03 2020 18:58:37 GMT+0200 (GMT+02:00)
[debug] [2020-05-03T16:58:37.912Z] ----------------------------------------------------------------------
[debug] [2020-05-03T16:58:37.912Z] 
[debug] [2020-05-03T16:58:37.922Z] > command requires scopes: ["email","openid","https://www.googleapis.com/auth/cloudplatformprojects.readonly","https://www.googleapis.com/auth/firebase","https://www.googleapis.com/auth/cloud-platform"]
[debug] [2020-05-03T16:58:37.922Z] > authorizing via signed-in user
[debug] [2020-05-03T16:58:37.923Z] [iam] checking project lol-chest-app for permissions ["cloudfunctions.functions.create","cloudfunctions.functions.delete","cloudfunctions.functions.get","cloudfunctions.functions.list","cloudfunctions.functions.update","cloudfunctions.operations.get","datastore.indexes.create","datastore.indexes.delete","datastore.indexes.list","datastore.indexes.update","firebase.projects.get","firebasedatabase.instances.update","firebasehosting.sites.update","firebaserules.releases.create","firebaserules.releases.update","firebaserules.rulesets.create"]
[debug] [2020-05-03T16:58:37.926Z] > refreshing access token with scopes: ["email","https://www.googleapis.com/auth/cloud-platform","https://www.googleapis.com/auth/cloudplatformprojects.readonly","https://www.googleapis.com/auth/firebase","openid"]
[debug] [2020-05-03T16:58:37.926Z] >>> HTTP REQUEST POST https://www.googleapis.com/oauth2/v3/token  
 <request body omitted>
[debug] [2020-05-03T16:58:38.135Z] <<< HTTP RESPONSE 200 {"content-type":"application/json; charset=utf-8","vary":"X-Origin, Referer, Origin,Accept-Encoding","date":"Sun, 03 May 2020 16:58:38 GMT","server":"scaffolding on HTTPServer2","cache-control":"private","x-xss-protection":"0","x-frame-options":"SAMEORIGIN","x-content-type-options":"nosniff","alt-svc":"h3-Q050=\":443\"; ma=2592000,h3-Q049=\":443\"; ma=2592000,h3-Q048=\":443\"; ma=2592000,h3-Q046=\":443\"; ma=2592000,h3-Q043=\":443\"; ma=2592000,quic=\":443\"; ma=2592000; v=\"46,43\"","accept-ranges":"none","transfer-encoding":"chunked"}
[debug] [2020-05-03T16:58:38.142Z] >>> HTTP REQUEST POST https://cloudresourcemanager.googleapis.com/v1/projects/lol-chest-app:testIamPermissions  
 {"permissions":["cloudfunctions.functions.create","cloudfunctions.functions.delete","cloudfunctions.functions.get","cloudfunctions.functions.list","cloudfunctions.functions.update","cloudfunctions.operations.get","datastore.indexes.create","datastore.indexes.delete","datastore.indexes.list","datastore.indexes.update","firebase.projects.get","firebasedatabase.instances.update","firebasehosting.sites.update","firebaserules.releases.create","firebaserules.releases.update","firebaserules.rulesets.create"]}
[debug] [2020-05-03T16:58:38.955Z] <<< HTTP RESPONSE 200 {"content-type":"application/json; charset=UTF-8","vary":"X-Origin, Referer, Origin,Accept-Encoding","date":"Sun, 03 May 2020 16:58:38 GMT","server":"ESF","cache-control":"private","x-xss-protection":"0","x-frame-options":"SAMEORIGIN","x-content-type-options":"nosniff","server-timing":"gfet4t7; dur=668","alt-svc":"h3-Q050=\":443\"; ma=2592000,h3-Q049=\":443\"; ma=2592000,h3-Q048=\":443\"; ma=2592000,h3-Q046=\":443\"; ma=2592000,h3-Q043=\":443\"; ma=2592000,quic=\":443\"; ma=2592000; v=\"46,43\"","accept-ranges":"none","transfer-encoding":"chunked"}
[debug] [2020-05-03T16:58:38.956Z] >>> HTTP REQUEST POST https://iam.googleapis.com/v1/projects/lol-chest-app/serviceAccounts/lol-chest-app@appspot.gserviceaccount.com:testIamPermissions  
 {"permissions":["iam.serviceAccounts.actAs"]}
[debug] [2020-05-03T16:58:39.896Z] <<< HTTP RESPONSE 200 {"content-type":"application/json; charset=UTF-8","vary":"X-Origin, Referer, Origin,Accept-Encoding","date":"Sun, 03 May 2020 16:58:39 GMT","server":"ESF","cache-control":"private","x-xss-protection":"0","x-frame-options":"SAMEORIGIN","x-content-type-options":"nosniff","alt-svc":"h3-Q050=\":443\"; ma=2592000,h3-Q049=\":443\"; ma=2592000,h3-Q048=\":443\"; ma=2592000,h3-Q046=\":443\"; ma=2592000,h3-Q043=\":443\"; ma=2592000,quic=\":443\"; ma=2592000; v=\"46,43\"","accept-ranges":"none","transfer-encoding":"chunked"}
[debug] [2020-05-03T16:58:39.897Z] >>> HTTP REQUEST GET https://firebase.googleapis.com/v1beta1/projects/lol-chest-app  
 
[debug] [2020-05-03T16:58:40.208Z] <<< HTTP RESPONSE 200 {"content-type":"application/json; charset=UTF-8","vary":"X-Origin, Referer, Origin,Accept-Encoding","date":"Sun, 03 May 2020 16:58:40 GMT","server":"ESF","cache-control":"private","x-xss-protection":"0","x-frame-options":"SAMEORIGIN","x-content-type-options":"nosniff","alt-svc":"h3-Q050=\":443\"; ma=2592000,h3-Q049=\":443\"; ma=2592000,h3-Q048=\":443\"; ma=2592000,h3-Q046=\":443\"; ma=2592000,h3-Q043=\":443\"; ma=2592000,quic=\":443\"; ma=2592000; v=\"46,43\"","accept-ranges":"none","transfer-encoding":"chunked"}
[warn] !  functions: package.json indicates an outdated version of firebase-functions.
Please upgrade using npm install --save firebase-functions@latest in your functions directory.
[info] 
[info] === Deploying to 'lol-chest-app'...
[info] 
[info] i  deploying database, storage, firestore, functions, hosting
[info] Running command: npm --prefix "$RESOURCE_DIR" run lint
[info] Running command: npm --prefix "$RESOURCE_DIR" run build
[info] +  functions: Finished running predeploy script.
[info] i  database: checking rules syntax...
[debug] [2020-05-03T16:58:51.047Z] >>> HTTP REQUEST PUT https://lol-chest-app.firebaseio.com/.settings/rules.json?dryRun=true  
 {
  "rules": {
    ".read": "auth != null",
    ".write": "auth != null"
  }
}
[debug] [2020-05-03T16:58:51.692Z] <<< HTTP RESPONSE 200 {"server":"nginx","date":"Sun, 03 May 2020 16:58:51 GMT","content-type":"application/json; charset=utf-8","content-length":"15","connection":"keep-alive","access-control-allow-origin":"*","cache-control":"no-cache","strict-transport-security":"max-age=31556926; includeSubDomains; preload"}
[info] +  database: rules syntax for database lol-chest-app is valid
[debug] [2020-05-03T16:58:51.695Z] >>> HTTP REQUEST GET https://appengine.googleapis.com/v1/apps/lol-chest-app  
 
[debug] [2020-05-03T16:58:52.870Z] <<< HTTP RESPONSE 200 {"content-type":"application/json; charset=UTF-8","vary":"X-Origin, Referer, Origin,Accept-Encoding","date":"Sun, 03 May 2020 16:58:52 GMT","server":"ESF","cache-control":"private","x-xss-protection":"0","x-frame-options":"SAMEORIGIN","x-content-type-options":"nosniff","alt-svc":"h3-Q050=\":443\"; ma=2592000,h3-Q049=\":443\"; ma=2592000,h3-Q048=\":443\"; ma=2592000,h3-Q046=\":443\"; ma=2592000,h3-Q043=\":443\"; ma=2592000,quic=\":443\"; ma=2592000; v=\"46,43\"","accept-ranges":"none","transfer-encoding":"chunked"}
[info] i  firebase.storage: checking storage.rules for compilation errors...
[debug] [2020-05-03T16:58:52.872Z] >>> HTTP REQUEST POST https://firebaserules.googleapis.com/v1/projects/lol-chest-app:test  
 {"source":{"files":[{"name":"storage.rules","content":"service firebase.storage {\n  match /b/{bucket}/o {\n    match /{allPaths=**} {\n      allow read, write: if request.auth!=null;\n    }\n  }\n}\n"}]}}
[debug] [2020-05-03T16:58:53.757Z] <<< HTTP RESPONSE 200 {"content-type":"application/json; charset=UTF-8","vary":"X-Origin, Referer, Origin,Accept-Encoding","date":"Sun, 03 May 2020 16:58:53 GMT","server":"ESF","cache-control":"private","x-xss-protection":"0","x-frame-options":"SAMEORIGIN","x-content-type-options":"nosniff","alt-svc":"h3-Q050=\":443\"; ma=2592000,h3-Q049=\":443\"; ma=2592000,h3-Q048=\":443\"; ma=2592000,h3-Q046=\":443\"; ma=2592000,h3-Q043=\":443\"; ma=2592000,quic=\":443\"; ma=2592000; v=\"46,43\"","accept-ranges":"none","transfer-encoding":"chunked"}
[warn] !  [W] undefined:undefined - Ruleset uses old version (version [1]). Please update to the latest version (version [2]).
[info] +  firebase.storage: rules file storage.rules compiled successfully
[info] i  firestore: reading indexes from firestore.indexes.json...
[info] i  cloud.firestore: checking firestore.rules for compilation errors...
[debug] [2020-05-03T16:58:53.761Z] >>> HTTP REQUEST POST https://firebaserules.googleapis.com/v1/projects/lol-chest-app:test  
 {"source":{"files":[{"name":"firestore.rules","content":"rules_version = '2';\nservice cloud.firestore {\n  match /databases/{database}/documents {\n    match /{document=**} {\n      allow read, write: if false;\n    }\n  }\n}"}]}}
[debug] [2020-05-03T16:58:54.523Z] <<< HTTP RESPONSE 200 {"content-type":"application/json; charset=UTF-8","vary":"X-Origin, Referer, Origin,Accept-Encoding","date":"Sun, 03 May 2020 16:58:54 GMT","server":"ESF","cache-control":"private","x-xss-protection":"0","x-frame-options":"SAMEORIGIN","x-content-type-options":"nosniff","alt-svc":"h3-Q050=\":443\"; ma=2592000,h3-Q049=\":443\"; ma=2592000,h3-Q048=\":443\"; ma=2592000,h3-Q046=\":443\"; ma=2592000,h3-Q043=\":443\"; ma=2592000,quic=\":443\"; ma=2592000; v=\"46,43\"","accept-ranges":"none","transfer-encoding":"chunked"}
[info] +  cloud.firestore: rules file firestore.rules compiled successfully
[debug] [2020-05-03T16:58:54.526Z] > [functions] package.json contents: {
  "name": "functions",
  "scripts": {
    "lint": "tslint --project tsconfig.json",
    "build": "tsc",
    "serve": "npm run build && firebase serve --only functions",
    "shell": "npm run build && firebase functions:shell",
    "start": "npm run shell",
    "deploy": "firebase deploy --only functions",
    "logs": "firebase functions:log"
  },
  "engines": {
    "node": "8"
  },
  "main": "lib/index.js",
  "dependencies": {
    "cors": "^2.8.5",
    "express": "^4.17.1",
    "firebase-admin": "^8.6.0",
    "firebase-functions": "^3.3.0"
  },
  "devDependencies": {
    "tslint": "^5.12.0",
    "typescript": "^3.2.2",
    "firebase-functions-test": "^0.1.6"
  },
  "private": true
}
[info] i  functions: ensuring required API cloudfunctions.googleapis.com is enabled...
[debug] [2020-05-03T16:58:56.426Z] [functions] runtime dependency check dates: warning: 2020-05-12T00:00:00.000Z error: 2020-06-05T00:00:00.000Z
[debug] [2020-05-03T16:58:56.426Z] >>> HTTP REQUEST GET https://serviceusage.googleapis.com/v1/projects/lol-chest-app/services/cloudfunctions.googleapis.com  
 
[debug] [2020-05-03T16:58:56.426Z] >>> HTTP REQUEST GET https://serviceusage.googleapis.com/v1/projects/lol-chest-app/services/runtimeconfig.googleapis.com  
 
[debug] [2020-05-03T16:58:57.360Z] <<< HTTP RESPONSE 200 {"content-type":"application/json; charset=UTF-8","vary":"X-Origin, Referer, Origin,Accept-Encoding","date":"Sun, 03 May 2020 16:58:57 GMT","server":"ESF","cache-control":"private","x-xss-protection":"0","x-frame-options":"SAMEORIGIN","x-content-type-options":"nosniff","alt-svc":"h3-Q050=\":443\"; ma=2592000,h3-Q049=\":443\"; ma=2592000,h3-Q048=\":443\"; ma=2592000,h3-Q046=\":443\"; ma=2592000,h3-Q043=\":443\"; ma=2592000,quic=\":443\"; ma=2592000; v=\"46,43\"","accept-ranges":"none","transfer-encoding":"chunked"}
[debug] [2020-05-03T16:58:57.396Z] <<< HTTP RESPONSE 200 {"content-type":"application/json; charset=UTF-8","vary":"X-Origin, Referer, Origin,Accept-Encoding","date":"Sun, 03 May 2020 16:58:57 GMT","server":"ESF","cache-control":"private","x-xss-protection":"0","x-frame-options":"SAMEORIGIN","x-content-type-options":"nosniff","alt-svc":"h3-Q050=\":443\"; ma=2592000,h3-Q049=\":443\"; ma=2592000,h3-Q048=\":443\"; ma=2592000,h3-Q046=\":443\"; ma=2592000,h3-Q043=\":443\"; ma=2592000,quic=\":443\"; ma=2592000; v=\"46,43\"","accept-ranges":"none","transfer-encoding":"chunked"}
[info] +  functions: required API cloudfunctions.googleapis.com is enabled
[debug] [2020-05-03T16:58:57.398Z] >>> HTTP REQUEST GET https://firebase.googleapis.com/v1beta1/projects/lol-chest-app/adminSdkConfig  
 
[debug] [2020-05-03T16:58:57.609Z] <<< HTTP RESPONSE 200 {"content-type":"application/json; charset=UTF-8","vary":"X-Origin, Referer, Origin,Accept-Encoding","date":"Sun, 03 May 2020 16:58:57 GMT","server":"ESF","cache-control":"private","x-xss-protection":"0","x-frame-options":"SAMEORIGIN","x-content-type-options":"nosniff","alt-svc":"h3-Q050=\":443\"; ma=2592000,h3-Q049=\":443\"; ma=2592000,h3-Q048=\":443\"; ma=2592000,h3-Q046=\":443\"; ma=2592000,h3-Q043=\":443\"; ma=2592000,quic=\":443\"; ma=2592000; v=\"46,43\"","accept-ranges":"none","transfer-encoding":"chunked"}
[debug] [2020-05-03T16:58:57.611Z] >>> HTTP REQUEST POST https://firebasehosting.googleapis.com/v1beta1/sites/lol-chest-app/versions  
 {"config":{},"labels":{"deployment-tool":"cli-firebase"}}
[debug] [2020-05-03T16:58:59.190Z] <<< HTTP RESPONSE 200 {"content-type":"application/json; charset=UTF-8","vary":"X-Origin, Referer, Origin,Accept-Encoding","date":"Sun, 03 May 2020 16:58:59 GMT","server":"ESF","cache-control":"private","x-xss-protection":"0","x-frame-options":"SAMEORIGIN","x-content-type-options":"nosniff","alt-svc":"h3-Q050=\":443\"; ma=2592000,h3-Q049=\":443\"; ma=2592000,h3-Q048=\":443\"; ma=2592000,h3-Q046=\":443\"; ma=2592000,h3-Q043=\":443\"; ma=2592000,quic=\":443\"; ma=2592000; v=\"46,43\"","accept-ranges":"none","transfer-encoding":"chunked"}
[debug] [2020-05-03T16:58:59.192Z] >>> HTTP REQUEST GET https://firebaserules.googleapis.com/v1/projects/lol-chest-app/releases?pageSize=10&pageToken=  
 
[debug] [2020-05-03T16:58:59.939Z] <<< HTTP RESPONSE 200 {"content-type":"application/json; charset=UTF-8","vary":"X-Origin, Referer, Origin,Accept-Encoding","date":"Sun, 03 May 2020 16:58:59 GMT","server":"ESF","cache-control":"private","x-xss-protection":"0","x-frame-options":"SAMEORIGIN","x-content-type-options":"nosniff","alt-svc":"h3-Q050=\":443\"; ma=2592000,h3-Q049=\":443\"; ma=2592000,h3-Q048=\":443\"; ma=2592000,h3-Q046=\":443\"; ma=2592000,h3-Q043=\":443\"; ma=2592000,quic=\":443\"; ma=2592000; v=\"46,43\"","accept-ranges":"none","transfer-encoding":"chunked"}
[debug] [2020-05-03T16:58:59.941Z] >>> HTTP REQUEST GET https://firebaserules.googleapis.com/v1/projects/lol-chest-app/rulesets/b2657029-86c6-4a54-adc7-a080b17c0ff0  
 
[debug] [2020-05-03T16:59:00.696Z] <<< HTTP RESPONSE 200 {"content-type":"application/json; charset=UTF-8","vary":"X-Origin, Referer, Origin,Accept-Encoding","date":"Sun, 03 May 2020 16:59:00 GMT","server":"ESF","cache-control":"private","x-xss-protection":"0","x-frame-options":"SAMEORIGIN","x-content-type-options":"nosniff","alt-svc":"h3-Q050=\":443\"; ma=2592000,h3-Q049=\":443\"; ma=2592000,h3-Q048=\":443\"; ma=2592000,h3-Q046=\":443\"; ma=2592000,h3-Q043=\":443\"; ma=2592000,quic=\":443\"; ma=2592000; v=\"46,43\"","accept-ranges":"none","transfer-encoding":"chunked"}
[info] i  storage: latest version of storage.rules already up to date, skipping upload...
[debug] [2020-05-03T16:59:00.698Z] >>> HTTP REQUEST GET https://firebaserules.googleapis.com/v1/projects/lol-chest-app/releases?pageSize=10&pageToken=  
 
[debug] [2020-05-03T16:59:00.698Z] >>> HTTP REQUEST GET https://firestore.googleapis.com/v1beta2/projects/lol-chest-app/databases/(default)/collectionGroups/-/indexes  
 
[debug] [2020-05-03T16:59:00.935Z] <<< HTTP RESPONSE 200 {"content-type":"application/json; charset=UTF-8","vary":"X-Origin, Referer, Origin,Accept-Encoding","date":"Sun, 03 May 2020 16:59:00 GMT","server":"ESF","cache-control":"private","x-xss-protection":"0","x-frame-options":"SAMEORIGIN","x-content-type-options":"nosniff","alt-svc":"h3-Q050=\":443\"; ma=2592000,h3-Q049=\":443\"; ma=2592000,h3-Q048=\":443\"; ma=2592000,h3-Q046=\":443\"; ma=2592000,h3-Q043=\":443\"; ma=2592000,quic=\":443\"; ma=2592000; v=\"46,43\"","accept-ranges":"none","transfer-encoding":"chunked"}
[debug] [2020-05-03T16:59:00.935Z] >>> HTTP REQUEST GET https://firestore.googleapis.com/v1beta2/projects/lol-chest-app/databases/(default)/collectionGroups/-/fields?filter=indexConfig.usesAncestorConfig=false  
 
[debug] [2020-05-03T16:59:01.091Z] <<< HTTP RESPONSE 200 {"content-type":"application/json; charset=UTF-8","vary":"X-Origin, Referer, Origin,Accept-Encoding","date":"Sun, 03 May 2020 16:59:01 GMT","server":"ESF","cache-control":"private","x-xss-protection":"0","x-frame-options":"SAMEORIGIN","x-content-type-options":"nosniff","alt-svc":"h3-Q050=\":443\"; ma=2592000,h3-Q049=\":443\"; ma=2592000,h3-Q048=\":443\"; ma=2592000,h3-Q046=\":443\"; ma=2592000,h3-Q043=\":443\"; ma=2592000,quic=\":443\"; ma=2592000; v=\"46,43\"","accept-ranges":"none","transfer-encoding":"chunked"}
[info] +  firestore: deployed indexes in firestore.indexes.json successfully
[debug] [2020-05-03T16:59:01.472Z] <<< HTTP RESPONSE 200 {"content-type":"application/json; charset=UTF-8","vary":"X-Origin, Referer, Origin,Accept-Encoding","date":"Sun, 03 May 2020 16:59:01 GMT","server":"ESF","cache-control":"private","x-xss-protection":"0","x-frame-options":"SAMEORIGIN","x-content-type-options":"nosniff","alt-svc":"h3-Q050=\":443\"; ma=2592000,h3-Q049=\":443\"; ma=2592000,h3-Q048=\":443\"; ma=2592000,h3-Q046=\":443\"; ma=2592000,h3-Q043=\":443\"; ma=2592000,quic=\":443\"; ma=2592000; v=\"46,43\"","accept-ranges":"none","transfer-encoding":"chunked"}
[debug] [2020-05-03T16:59:01.473Z] >>> HTTP REQUEST GET https://firebaserules.googleapis.com/v1/projects/lol-chest-app/rulesets/eaecdabb-d725-4076-a41f-51a384989198  
 
[debug] [2020-05-03T16:59:02.232Z] <<< HTTP RESPONSE 200 {"content-type":"application/json; charset=UTF-8","vary":"X-Origin, Referer, Origin,Accept-Encoding","date":"Sun, 03 May 2020 16:59:02 GMT","server":"ESF","cache-control":"private","x-xss-protection":"0","x-frame-options":"SAMEORIGIN","x-content-type-options":"nosniff","alt-svc":"h3-Q050=\":443\"; ma=2592000,h3-Q049=\":443\"; ma=2592000,h3-Q048=\":443\"; ma=2592000,h3-Q046=\":443\"; ma=2592000,h3-Q043=\":443\"; ma=2592000,quic=\":443\"; ma=2592000; v=\"46,43\"","accept-ranges":"none","transfer-encoding":"chunked"}
[info] i  firestore: latest version of firestore.rules already up to date, skipping upload...
[info] i  functions: preparing functions directory for uploading...
[debug] [2020-05-03T16:59:02.234Z] >>> HTTP REQUEST GET https://runtimeconfig.googleapis.com/v1beta1/projects/lol-chest-app/configs  
 
[debug] [2020-05-03T16:59:03.126Z] <<< HTTP RESPONSE 200 {"content-type":"application/json; charset=UTF-8","vary":"X-Origin, Referer, Origin,Accept-Encoding","date":"Sun, 03 May 2020 16:59:03 GMT","server":"ESF","cache-control":"private","x-xss-protection":"0","x-frame-options":"SAMEORIGIN","x-content-type-options":"nosniff","alt-svc":"h3-Q050=\":443\"; ma=2592000,h3-Q049=\":443\"; ma=2592000,h3-Q048=\":443\"; ma=2592000,h3-Q046=\":443\"; ma=2592000,h3-Q043=\":443\"; ma=2592000,quic=\":443\"; ma=2592000; v=\"46,43\"","accept-ranges":"none","transfer-encoding":"chunked"}
[info] i  functions: packaged functions (33.57 KB) for uploading
[debug] [2020-05-03T16:59:03.447Z] >>> HTTP REQUEST GET https://cloudfunctions.googleapis.com/v1/projects/lol-chest-app/locations/-/functions  
 
[debug] [2020-05-03T16:59:04.005Z] <<< HTTP RESPONSE 200 {"content-type":"application/json; charset=UTF-8","vary":"X-Origin, Referer, Origin,Accept-Encoding","date":"Sun, 03 May 2020 16:59:03 GMT","server":"ESF","cache-control":"private","x-xss-protection":"0","x-frame-options":"SAMEORIGIN","x-content-type-options":"nosniff","alt-svc":"h3-Q050=\":443\"; ma=2592000,h3-Q049=\":443\"; ma=2592000,h3-Q048=\":443\"; ma=2592000,h3-Q046=\":443\"; ma=2592000,h3-Q043=\":443\"; ma=2592000,quic=\":443\"; ma=2592000; v=\"46,43\"","accept-ranges":"none","transfer-encoding":"chunked"}
[debug] [2020-05-03T16:59:04.006Z] >>> HTTP REQUEST POST https://cloudfunctions.googleapis.com/v1/projects/lol-chest-app/locations/us-central1/functions:generateUploadUrl  
 
[debug] [2020-05-03T16:59:04.839Z] <<< HTTP RESPONSE 200 {"content-type":"application/json; charset=UTF-8","vary":"X-Origin, Referer, Origin,Accept-Encoding","date":"Sun, 03 May 2020 16:59:04 GMT","server":"ESF","cache-control":"private","x-xss-protection":"0","x-frame-options":"SAMEORIGIN","x-content-type-options":"nosniff","alt-svc":"h3-Q050=\":443\"; ma=2592000,h3-Q049=\":443\"; ma=2592000,h3-Q048=\":443\"; ma=2592000,h3-Q046=\":443\"; ma=2592000,h3-Q043=\":443\"; ma=2592000,quic=\":443\"; ma=2592000; v=\"46,43\"","accept-ranges":"none","transfer-encoding":"chunked"}
[debug] [2020-05-03T16:59:04.840Z] >>> HTTP REQUEST PUT https://storage.googleapis.com/gcf-upload-us-central1-f6404349-e7af-4995-a490-5babac4fcdd1/87aaad0c-daa8-4cf1-bc28-f7a218432dda.zip?GoogleAccessId=service-529090521825@gcf-admin-robot.iam.gserviceaccount.com&Expires=1588526944&Signature=kqlJXX7eH5gktbS2FKE7LS9Ang0qvswapTx0wC9M0gtcqmF0mo6pJR9nB0swXZ7Qcq4AVshYBTf3aW89lw1v05pcaZFnebvWTwm%2FlOkIQtj5EGcFoC24SH%2BZlefdw7jYdQjUe2xgMdwIKI5QfSbcBOjgWcr%2FI04H%2FC7nKpEy%2F8agV5%2BbCyIK46QgfuDJ%2BcLDkGhpuXjBNJEWzquuAHH3P78YZvvyN%2Ff2UE8gAoWOzeRyjupQupFJqgxR%2B%2Fdamuy6jlnNk%2FvR%2F1b8fEdxfedS0RSR0HetfiovhaVwJ6Y5wFDnJPte%2Bcg3uTF34BcaxWt7sjxiU3C%2FMfYKABQSMdkgdQ%3D%3D  
 <request body omitted>
[debug] [2020-05-03T16:59:05.273Z] <<< HTTP RESPONSE 200 {"x-guploader-uploadid":"AAANsUnxDLINP73munJIPiuJw3BgGx5LsesYOBtdxL3k2h7A096fWeHOoSQDJtukX9iqixSpU4_s-v7PKB2lSH-Y8fbXtLmojw","etag":"\"7fda97b386029e4852a933f56e3ec459\"","x-goog-generation":"1588525145196446","x-goog-metageneration":"1","x-goog-hash":"crc32c=0biNpw==, md5=f9qXs4YCnkhSqTP1bj7EWQ==","x-goog-stored-content-length":"34378","x-goog-stored-content-encoding":"identity","vary":"Origin","content-length":"0","date":"Sun, 03 May 2020 16:59:05 GMT","server":"UploadServer","content-type":"text/html; charset=UTF-8","alt-svc":"h3-Q050=\":443\"; ma=2592000,h3-Q049=\":443\"; ma=2592000,h3-Q048=\":443\"; ma=2592000,h3-Q046=\":443\"; ma=2592000,h3-Q043=\":443\"; ma=2592000,quic=\":443\"; ma=2592000; v=\"46,43\""}
[info] +  functions: functions folder uploaded successfully
[info] i  hosting[lol-chest-app]: beginning deploy...
[info] i  hosting[lol-chest-app]: found 5145 files in dist/lolchest
[debug] [2020-05-03T16:59:07.108Z] >>> HTTP REQUEST POST https://firebasehosting.googleapis.com/v1beta1/sites/lol-chest-app/versions/41cf4b62930826f2:populateFiles  
 <request body omitted>
[debug] [2020-05-03T16:59:08.273Z] >>> HTTP REQUEST POST https://firebasehosting.googleapis.com/v1beta1/sites/lol-chest-app/versions/41cf4b62930826f2:populateFiles  
 <request body omitted>
[debug] [2020-05-03T16:59:09.172Z] <<< HTTP RESPONSE 200 {"content-type":"application/json; charset=UTF-8","vary":"X-Origin, Referer, Origin,Accept-Encoding","date":"Sun, 03 May 2020 16:59:09 GMT","server":"ESF","cache-control":"private","x-xss-protection":"0","x-frame-options":"SAMEORIGIN","x-content-type-options":"nosniff","alt-svc":"h3-Q050=\":443\"; ma=2592000,h3-Q049=\":443\"; ma=2592000,h3-Q048=\":443\"; ma=2592000,h3-Q046=\":443\"; ma=2592000,h3-Q043=\":443\"; ma=2592000,quic=\":443\"; ma=2592000; v=\"46,43\"","accept-ranges":"none","transfer-encoding":"chunked"}
[debug] [2020-05-03T16:59:09.812Z] >>> HTTP REQUEST POST https://firebasehosting.googleapis.com/v1beta1/sites/lol-chest-app/versions/41cf4b62930826f2:populateFiles  
 <request body omitted>
[debug] [2020-05-03T16:59:10.288Z] <<< HTTP RESPONSE 200 {"content-type":"application/json; charset=UTF-8","vary":"X-Origin, Referer, Origin,Accept-Encoding","date":"Sun, 03 May 2020 16:59:10 GMT","server":"ESF","cache-control":"private","x-xss-protection":"0","x-frame-options":"SAMEORIGIN","x-content-type-options":"nosniff","alt-svc":"h3-Q050=\":443\"; ma=2592000,h3-Q049=\":443\"; ma=2592000,h3-Q048=\":443\"; ma=2592000,h3-Q046=\":443\"; ma=2592000,h3-Q043=\":443\"; ma=2592000,quic=\":443\"; ma=2592000; v=\"46,43\"","accept-ranges":"none","transfer-encoding":"chunked"}
[debug] [2020-05-03T16:59:11.127Z] >>> HTTP REQUEST POST https://firebasehosting.googleapis.com/v1beta1/sites/lol-chest-app/versions/41cf4b62930826f2:populateFiles  
 <request body omitted>
[debug] [2020-05-03T16:59:11.781Z] <<< HTTP RESPONSE 200 {"content-type":"application/json; charset=UTF-8","vary":"X-Origin, Referer, Origin,Accept-Encoding","date":"Sun, 03 May 2020 16:59:11 GMT","server":"ESF","cache-control":"private","x-xss-protection":"0","x-frame-options":"SAMEORIGIN","x-content-type-options":"nosniff","alt-svc":"h3-Q050=\":443\"; ma=2592000,h3-Q049=\":443\"; ma=2592000,h3-Q048=\":443\"; ma=2592000,h3-Q046=\":443\"; ma=2592000,h3-Q043=\":443\"; ma=2592000,quic=\":443\"; ma=2592000; v=\"46,43\"","accept-ranges":"none","transfer-encoding":"chunked"}
[debug] [2020-05-03T16:59:13.003Z] <<< HTTP RESPONSE 200 {"content-type":"application/json; charset=UTF-8","vary":"X-Origin, Referer, Origin,Accept-Encoding","date":"Sun, 03 May 2020 16:59:12 GMT","server":"ESF","cache-control":"private","x-xss-protection":"0","x-frame-options":"SAMEORIGIN","x-content-type-options":"nosniff","alt-svc":"h3-Q050=\":443\"; ma=2592000,h3-Q049=\":443\"; ma=2592000,h3-Q048=\":443\"; ma=2592000,h3-Q046=\":443\"; ma=2592000,h3-Q043=\":443\"; ma=2592000,quic=\":443\"; ma=2592000; v=\"46,43\"","accept-ranges":"none","transfer-encoding":"chunked"}
[debug] [2020-05-03T16:59:13.326Z] >>> HTTP REQUEST POST https://firebasehosting.googleapis.com/v1beta1/sites/lol-chest-app/versions/41cf4b62930826f2:populateFiles  
 <request body omitted>
[debug] [2020-05-03T16:59:13.551Z] [hosting] hash cache [ZGlzdFxsb2xjaGVzdA] stored for 5145 files
[debug] [2020-05-03T16:59:13.552Z] [hosting][hash queue][FINAL] {"max":253,"min":19,"avg":72.2202137998055,"active":0,"complete":5145,"success":5145,"errored":0,"retried":0,"total":5145,"elapsed":7466}
[debug] [2020-05-03T16:59:13.552Z] >>> HTTP REQUEST POST https://firebasehosting.googleapis.com/v1beta1/sites/lol-chest-app/versions/41cf4b62930826f2:populateFiles  
 <request body omitted>
[debug] [2020-05-03T16:59:15.550Z] <<< HTTP RESPONSE 200 {"content-type":"application/json; charset=UTF-8","vary":"X-Origin, Referer, Origin,Accept-Encoding","date":"Sun, 03 May 2020 16:59:14 GMT","server":"ESF","cache-control":"private","x-xss-protection":"0","x-frame-options":"SAMEORIGIN","x-content-type-options":"nosniff","alt-svc":"h3-Q050=\":443\"; ma=2592000,h3-Q049=\":443\"; ma=2592000,h3-Q048=\":443\"; ma=2592000,h3-Q046=\":443\"; ma=2592000,h3-Q043=\":443\"; ma=2592000,quic=\":443\"; ma=2592000; v=\"46,43\"","accept-ranges":"none","transfer-encoding":"chunked"}
[debug] [2020-05-03T16:59:15.554Z] <<< HTTP RESPONSE 200 {"content-type":"application/json; charset=UTF-8","vary":"X-Origin, Referer, Origin,Accept-Encoding","date":"Sun, 03 May 2020 16:59:15 GMT","server":"ESF","cache-control":"private","x-xss-protection":"0","x-frame-options":"SAMEORIGIN","x-content-type-options":"nosniff","alt-svc":"h3-Q050=\":443\"; ma=2592000,h3-Q049=\":443\"; ma=2592000,h3-Q048=\":443\"; ma=2592000,h3-Q046=\":443\"; ma=2592000,h3-Q043=\":443\"; ma=2592000,quic=\":443\"; ma=2592000; v=\"46,43\"","accept-ranges":"none","transfer-encoding":"chunked"}
[debug] [2020-05-03T16:59:15.555Z] [hosting][populate queue][FINAL] {"max":2233,"min":1884,"avg":2032.5,"active":0,"complete":6,"success":6,"errored":0,"retried":0,"total":6,"elapsed":8450}
[debug] [2020-05-03T16:59:15.556Z] [hosting] uploads queued: 9
[debug] [2020-05-03T16:59:15.556Z] [hosting][upload queue][FINAL] {"max":2839,"min":1485,"avg":2160.222222222222,"active":0,"complete":9,"success":9,"errored":0,"retried":0,"total":9,"elapsed":6381}
[info] +  hosting[lol-chest-app]: file upload complete
[debug] [2020-05-03T16:59:15.558Z] [hosting] deploy completed after 10284ms
[info] i  database: releasing rules...
[debug] [2020-05-03T16:59:15.710Z] >>> HTTP REQUEST PUT https://lol-chest-app.firebaseio.com/.settings/rules.json  
 {
  "rules": {
    ".read": "auth != null",
    ".write": "auth != null"
  }
}
[debug] [2020-05-03T16:59:16.382Z] <<< HTTP RESPONSE 200 {"server":"nginx","date":"Sun, 03 May 2020 16:59:16 GMT","content-type":"application/json; charset=utf-8","content-length":"15","connection":"keep-alive","access-control-allow-origin":"*","cache-control":"no-cache","strict-transport-security":"max-age=31556926; includeSubDomains; preload"}
[info] +  database: rules for database lol-chest-app released successfully
[debug] [2020-05-03T16:59:16.385Z] [rules] releasing firebase.storage/lol-chest-app.appspot.com with ruleset projects/lol-chest-app/rulesets/b2657029-86c6-4a54-adc7-a080b17c0ff0
[debug] [2020-05-03T16:59:16.386Z] >>> HTTP REQUEST PATCH https://firebaserules.googleapis.com/v1/projects/lol-chest-app/releases/firebase.storage/lol-chest-app.appspot.com  
 {"release":{"name":"projects/lol-chest-app/releases/firebase.storage/lol-chest-app.appspot.com","rulesetName":"projects/lol-chest-app/rulesets/b2657029-86c6-4a54-adc7-a080b17c0ff0"}}
[debug] [2020-05-03T16:59:17.330Z] <<< HTTP RESPONSE 200 {"content-type":"application/json; charset=UTF-8","vary":"X-Origin, Referer, Origin,Accept-Encoding","date":"Sun, 03 May 2020 16:59:17 GMT","server":"ESF","cache-control":"private","x-xss-protection":"0","x-frame-options":"SAMEORIGIN","x-content-type-options":"nosniff","alt-svc":"h3-Q050=\":443\"; ma=2592000,h3-Q049=\":443\"; ma=2592000,h3-Q048=\":443\"; ma=2592000,h3-Q046=\":443\"; ma=2592000,h3-Q043=\":443\"; ma=2592000,quic=\":443\"; ma=2592000; v=\"46,43\"","accept-ranges":"none","transfer-encoding":"chunked"}
[debug] [2020-05-03T16:59:17.331Z] [rules] updated release projects/lol-chest-app/releases/firebase.storage/lol-chest-app.appspot.com
[info] +  storage: released rules storage.rules to firebase.storage
[debug] [2020-05-03T16:59:17.332Z] [rules] releasing cloud.firestore with ruleset projects/lol-chest-app/rulesets/eaecdabb-d725-4076-a41f-51a384989198
[debug] [2020-05-03T16:59:17.333Z] >>> HTTP REQUEST PATCH https://firebaserules.googleapis.com/v1/projects/lol-chest-app/releases/cloud.firestore  
 {"release":{"name":"projects/lol-chest-app/releases/cloud.firestore","rulesetName":"projects/lol-chest-app/rulesets/eaecdabb-d725-4076-a41f-51a384989198"}}
[debug] [2020-05-03T16:59:18.255Z] <<< HTTP RESPONSE 200 {"content-type":"application/json; charset=UTF-8","vary":"X-Origin, Referer, Origin,Accept-Encoding","date":"Sun, 03 May 2020 16:59:18 GMT","server":"ESF","cache-control":"private","x-xss-protection":"0","x-frame-options":"SAMEORIGIN","x-content-type-options":"nosniff","alt-svc":"h3-Q050=\":443\"; ma=2592000,h3-Q049=\":443\"; ma=2592000,h3-Q048=\":443\"; ma=2592000,h3-Q046=\":443\"; ma=2592000,h3-Q043=\":443\"; ma=2592000,quic=\":443\"; ma=2592000; v=\"46,43\"","accept-ranges":"none","transfer-encoding":"chunked"}
[debug] [2020-05-03T16:59:18.255Z] [rules] updated release projects/lol-chest-app/releases/cloud.firestore
[info] +  firestore: released rules firestore.rules to cloud.firestore
[info] i  functions: updating Node.js 8 function widgets(us-central1)...
[debug] [2020-05-03T16:59:18.264Z] Trigger is:  {"httpsTrigger":{}}
[info] 
The following functions are found in your project but do not exist in your local source code:
	exampleFunction(us-central1)

If you are renaming a function or changing its region, it is recommended that you create the new function first before deleting the old one to prevent event loss. For more info, visit https://firebase.google.com/docs/functions/manage-functions#modify

